<?xml version="1.0" encoding="UTF-8"?>
<!-- Generated by org.testng.reporters.JUnitXMLReporter -->
<testsuite ignored="2" hostname="DESKTOP-1SMJ8JH" failures="1" tests="4" name="Test" time="34.149" errors="0" timestamp="2023-12-27T14:52:55 IST">
  <testcase classname="qa.testcases.Login_Test" name="login_Test" time="1.729"/>
  <testcase classname="qa.testcases.User_Test" name="openUserPage" time="3.1"/>
  <testcase classname="qa.testcases.User_Test" name="addUserDetails" time="14.388"/>
  <testcase classname="qa.testcases.User_Test" name="validateUser" time="10.394">
    <failure type="java.lang.AssertionError" message="Employee name mismatch expected [true] but found [false]">
      <![CDATA[java.lang.AssertionError: Employee name mismatch expected [true] but found [false]
at qa.testcases.User_Test.validateUser(User_Test.java:178)
at java.base/java.util.ArrayList.forEach(ArrayList.java:1541)
... Removed 33 stack frames]]>
    </failure>
  </testcase> <!-- validateUser -->
  <testcase classname="qa.base.BaseTest" name="@AfterTest tearDown" time="0.0">
    <ignored/>
  </testcase> <!-- @AfterTest tearDown -->
  <testcase classname="qa.base.BaseTest" name="@BeforeTest initialization" time="0.0">
    <ignored/>
  </testcase> <!-- @BeforeTest initialization -->
</testsuite> <!-- Test -->
