<?xml version="1.0" encoding="UTF-8"?>
<!-- Generated by org.testng.reporters.JUnitXMLReporter -->
<testsuite ignored="2" hostname="DESKTOP-1SMJ8JH" failures="0" tests="2" name="Test3" time="20.812" errors="0" timestamp="2023-11-22T11:53:15 IST">
  <testcase classname="qa.testcases.Login_Test" name="login_Test" time="0.0">
    <skipped/>
  </testcase> <!-- login_Test -->
  <testcase classname="qa.testcases.User_Test" name="openUserPage" time="0.0">
    <skipped/>
  </testcase> <!-- openUserPage -->
  <testcase classname="qa.base.BaseTest" name="@BeforeTest initialization" time="0.0">
    <ignored/>
  </testcase> <!-- @BeforeTest initialization -->
  <testcase classname="qa.base.BaseTest" name="@AfterTest tearDown" time="0.0">
    <ignored/>
  </testcase> <!-- @AfterTest tearDown -->
</testsuite> <!-- Test3 -->
