<?xml version="1.0" encoding="UTF-8"?>
<!-- Generated by org.testng.reporters.JUnitXMLReporter -->
<testsuite ignored="2" hostname="DESKTOP-1SMJ8JH" failures="0" tests="2" name="Test1" time="11.315" errors="0" timestamp="2023-11-22T20:45:58 IST">
  <testcase classname="qa.testcases.Login_Test" name="login_Test" time="2.061"/>
  <testcase classname="qa.testcases.User_Test" name="openUserPage" time="3.2"/>
  <testcase classname="qa.base.BaseTest" name="@BeforeTest initialization" time="0.0">
    <ignored/>
  </testcase> <!-- @BeforeTest initialization -->
  <testcase classname="qa.base.BaseTest" name="@AfterTest tearDown" time="0.0">
    <ignored/>
  </testcase> <!-- @AfterTest tearDown -->
</testsuite> <!-- Test1 -->
