<?xml version="1.0" encoding="UTF-8"?>
<testng-results ignored="2" total="5" passed="3" failed="0" skipped="0">
  <reporter-output>
  </reporter-output>
  <suite started-at="2023-12-26T00:51:56 IST" name="Suite" finished-at="2023-12-26T00:52:31 IST" duration-ms="34923">
    <groups>
    </groups>
    <test started-at="2023-12-26T00:51:56 IST" name="Test" finished-at="2023-12-26T00:52:31 IST" duration-ms="34923">
      <class name="qa.testcases.User_Test">
        <test-method is-config="true" signature="createPageObject()[pri:0, instance:qa.testcases.User_Test@644baf4a]" started-at="2023-12-26T00:52:14 IST" name="createPageObject" finished-at="2023-12-26T00:52:14 IST" duration-ms="33" status="PASS">
          <reporter-output>
          </reporter-output>
        </test-method> <!-- createPageObject -->
        <test-method signature="openUserPage()[pri:0, instance:qa.testcases.User_Test@644baf4a]" started-at="2023-12-26T00:52:14 IST" name="openUserPage" finished-at="2023-12-26T00:52:17 IST" duration-ms="3282" status="PASS">
          <reporter-output>
          </reporter-output>
        </test-method> <!-- openUserPage -->
        <test-method signature="addUserDetails()[pri:0, instance:qa.testcases.User_Test@644baf4a]" started-at="2023-12-26T00:52:17 IST" name="addUserDetails" finished-at="2023-12-26T00:52:31 IST" depends-on-methods="qa.testcases.User_Test.openUserPage" duration-ms="13638" status="PASS">
          <reporter-output>
          </reporter-output>
        </test-method> <!-- addUserDetails -->
      </class> <!-- qa.testcases.User_Test -->
      <class name="qa.testcases.Login_Test">
        <test-method is-config="true" signature="initialization(java.lang.String)[pri:0, instance:qa.testcases.Login_Test@750e2b97]" started-at="2023-12-26T00:51:56 IST" name="initialization" finished-at="2023-12-26T00:52:11 IST" duration-ms="15194" status="PASS">
          <params>
            <param index="0">
              <value>
                <![CDATA[chrome]]>
              </value>
            </param>
          </params>
          <reporter-output>
          </reporter-output>
        </test-method> <!-- initialization -->
        <test-method is-config="true" signature="createPageObject()[pri:0, instance:qa.testcases.Login_Test@750e2b97]" started-at="2023-12-26T00:52:11 IST" name="createPageObject" finished-at="2023-12-26T00:52:11 IST" duration-ms="46" status="PASS">
          <reporter-output>
          </reporter-output>
        </test-method> <!-- createPageObject -->
        <test-method signature="login_Test()[pri:0, instance:qa.testcases.Login_Test@750e2b97]" started-at="2023-12-26T00:52:11 IST" name="login_Test" finished-at="2023-12-26T00:52:14 IST" duration-ms="2618" status="PASS">
          <reporter-output>
          </reporter-output>
        </test-method> <!-- login_Test -->
        <test-method is-config="true" signature="tearDown()[pri:0, instance:qa.testcases.Login_Test@750e2b97]" started-at="2023-12-26T00:52:31 IST" name="tearDown" finished-at="2023-12-26T00:52:31 IST" duration-ms="0" status="PASS">
          <reporter-output>
          </reporter-output>
        </test-method> <!-- tearDown -->
      </class> <!-- qa.testcases.Login_Test -->
    </test> <!-- Test -->
  </suite> <!-- Suite -->
</testng-results>
